2022-05-18 21:05:208 INFO  ManageDriver :31 - Launching Chrome Browser
2022-05-18 21:05:963 INFO  ManageDriver :31 - Launching Chrome Browser
2022-05-18 21:05:360 INFO  ManageDriver :31 - Launching Chrome Browser
2022-05-18 22:05:181 INFO  ManageDriver :31 - Launching Chrome Browser
2022-05-18 22:05:514 INFO  ManageDriver :31 - Launching Chrome Browser
2022-05-18 22:05:174 INFO  ManageDriver :31 - Launching Chrome Browser
2022-05-18 23:05:212 INFO  ManageDriver :31 - Launching Chrome Browser
2022-05-18 23:05:543 INFO  HomePage :32 - Mouse hover on  buyPlusSell  [[ChromeDriver: chrome on WINDOWS (a7f2acf4d848050a246733eafe8bf6b4)] -> xpath: //a[contains(text(),'buy + sell')]]
2022-05-18 23:05:620 INFO  HomePage :36 - Clicking on search Car  [[ChromeDriver: chrome on WINDOWS (a7f2acf4d848050a246733eafe8bf6b4)] -> xpath: //a[contains(text(),'Search Cars')]]
2022-05-18 23:05:460 INFO  ManageDriver :31 - Launching Chrome Browser
2022-05-18 23:05:744 INFO  ManageDriver :31 - Launching Chrome Browser
2022-05-18 23:05:305 INFO  HomePage :32 - Mouse hover on  buyPlusSell  [[ChromeDriver: chrome on WINDOWS (d1dc9d84455101650f21a014a64a44be)] -> xpath: //a[contains(text(),'buy + sell')]]
2022-05-18 23:05:466 INFO  HomePage :36 - Clicking on search Car  [[ChromeDriver: chrome on WINDOWS (d1dc9d84455101650f21a014a64a44be)] -> xpath: //a[contains(text(),'Search Cars')]]
2022-05-18 23:05:927 INFO  NewAndUsedCarsPage :66 - getting Make text [[ChromeDriver: chrome on WINDOWS (d1dc9d84455101650f21a014a64a44be)] -> xpath: //select[@id='makes']]
2022-05-18 23:05:101 INFO  ManageDriver :31 - Launching Chrome Browser
2022-05-18 23:05:724 INFO  ManageDriver :31 - Launching Chrome Browser
2022-05-18 23:05:465 INFO  HomePage :32 - Mouse hover on  buyPlusSell  [[ChromeDriver: chrome on WINDOWS (87f799f23f7986ef2916876ae6d5576b)] -> xpath: //a[contains(text(),'buy + sell')]]
2022-05-18 23:05:105 INFO  ManageDriver :31 - Launching Chrome Browser
2022-05-18 23:05:448 INFO  HomePage :32 - Mouse hover on  buyPlusSell  [[ChromeDriver: chrome on WINDOWS (dc49125c5d48f5eeb97f4e809c17e64f)] -> xpath: //a[contains(text(),'buy + sell')]]
2022-05-18 23:05:721 INFO  HomePage :36 - Clicking on search Car  [[ChromeDriver: chrome on WINDOWS (dc49125c5d48f5eeb97f4e809c17e64f)] -> xpath: //a[contains(text(),'Search Cars')]]
2022-05-18 23:05:54 INFO  NewAndUsedCarsPage :42 - getting NewAndUsed cars text  [[ChromeDriver: chrome on WINDOWS (dc49125c5d48f5eeb97f4e809c17e64f)] -> xpath: //h1[contains(text(),'New & Used Car Search - carsguide')]]
2022-05-18 23:05:98 INFO  ManageDriver :31 - Launching Chrome Browser
2022-05-18 23:05:97 INFO  ManageDriver :31 - Launching Chrome Browser
2022-05-19 11:05:648 INFO  ManageDriver :31 - Launching Chrome Browser
2022-05-19 11:05:482 INFO  HomePage :35 - Mouse hover on  buyPlusSell  [[ChromeDriver: chrome on WINDOWS (5a2cb5bf8565d5970b86b5c52f6ce8f2)] -> xpath: //a[contains(text(),'buy + sell')]]
2022-05-19 11:05:842 INFO  HomePage :39 - Clicking on search Car  [[ChromeDriver: chrome on WINDOWS (5a2cb5bf8565d5970b86b5c52f6ce8f2)] -> xpath: //a[contains(text(),'Search Cars')]]
2022-05-19 11:05:963 INFO  NewAndUsedCarsPage :42 - getting NewAndUsed cars text  [[ChromeDriver: chrome on WINDOWS (5a2cb5bf8565d5970b86b5c52f6ce8f2)] -> xpath: //div[@class='heading main-heading item-ad-wrapper ']/h1]
2022-05-19 12:05:956 INFO  ManageDriver :31 - Launching Chrome Browser
2022-05-19 12:05:19 INFO  ManageDriver :31 - Launching Chrome Browser
2022-05-19 18:05:07 INFO  ManageDriver :31 - Launching Chrome Browser
2022-05-19 21:05:205 INFO  ManageDriver :31 - Launching Chrome Browser
2022-05-19 21:05:55 INFO  ManageDriver :31 - Launching Chrome Browser
2022-05-19 21:05:483 INFO  ManageDriver :31 - Launching Chrome Browser
2022-05-19 21:05:567 INFO  HomePage :35 - Mouse hover on  buyPlusSell  [[ChromeDriver: chrome on WINDOWS (7c21abfac0bceb142c491ca9ed853ee3)] -> xpath: //a[contains(text(),'buy + sell')]]
2022-05-19 21:05:226 INFO  HomePage :39 - Clicking on search Car  [[ChromeDriver: chrome on WINDOWS (7c21abfac0bceb142c491ca9ed853ee3)] -> xpath: //a[contains(text(),'Search Cars')]]
2022-05-19 21:05:465 INFO  NewAndUsedCarsPage :42 - getting NewAndUsed cars text  [[ChromeDriver: chrome on WINDOWS (7c21abfac0bceb142c491ca9ed853ee3)] -> xpath: //div[@class='heading main-heading item-ad-wrapper ']/h1]
2022-05-19 21:05:344 INFO  ManageDriver :31 - Launching Chrome Browser
2022-05-19 21:05:780 INFO  ManageDriver :31 - Launching Chrome Browser
2022-05-19 21:05:458 INFO  ManageDriver :31 - Launching Chrome Browser
2022-05-19 21:05:471 INFO  ManageDriver :31 - Launching Chrome Browser
2022-05-19 21:05:45 INFO  ManageDriver :31 - Launching Chrome Browser
2022-05-19 21:05:301 INFO  HomePage :35 - Mouse hover on  buyPlusSell  [[ChromeDriver: chrome on WINDOWS (6f4125e49e4d63d42bdd9569a4bc07b0)] -> xpath: //a[contains(text(),'buy + sell')]]
2022-05-19 21:05:05 INFO  HomePage :39 - Clicking on search Car  [[ChromeDriver: chrome on WINDOWS (6f4125e49e4d63d42bdd9569a4bc07b0)] -> xpath: //a[contains(text(),'Search Cars')]]
2022-05-19 21:05:115 INFO  NewAndUsedCarsPage :42 - getting NewAndUsed cars text  [[ChromeDriver: chrome on WINDOWS (6f4125e49e4d63d42bdd9569a4bc07b0)] -> xpath: //div[@class='heading main-heading item-ad-wrapper ']/h1]
2022-05-19 21:05:297 INFO  NewAndUsedCarsPage :47 - Selecting Car MakeHonda from dropdown [[ChromeDriver: chrome on WINDOWS (6f4125e49e4d63d42bdd9569a4bc07b0)] -> xpath: //select[@id='makes']]
2022-05-19 21:05:439 INFO  NewAndUsedCarsPage :51 - Selecting Car modelCity from dropdown [[ChromeDriver: chrome on WINDOWS (6f4125e49e4d63d42bdd9569a4bc07b0)] -> xpath: //select[@id='models']]
2022-05-19 21:05:07 INFO  ManageDriver :31 - Launching Chrome Browser
2022-05-19 21:05:226 INFO  HomePage :35 - Mouse hover on  buyPlusSell  [[ChromeDriver: chrome on WINDOWS (6543846c94a892a1b0e78a49b4893278)] -> xpath: //a[contains(text(),'buy + sell')]]
2022-05-19 21:05:752 INFO  HomePage :39 - Clicking on search Car  [[ChromeDriver: chrome on WINDOWS (6543846c94a892a1b0e78a49b4893278)] -> xpath: //a[contains(text(),'Search Cars')]]
2022-05-19 21:05:17 INFO  NewAndUsedCarsPage :42 - getting NewAndUsed cars text  [[ChromeDriver: chrome on WINDOWS (6543846c94a892a1b0e78a49b4893278)] -> xpath: //div[@class='heading main-heading item-ad-wrapper ']/h1]
2022-05-19 21:05:237 INFO  NewAndUsedCarsPage :47 - Selecting Car MakeHonda from dropdown [[ChromeDriver: chrome on WINDOWS (6543846c94a892a1b0e78a49b4893278)] -> xpath: //select[@id='makes']]
2022-05-19 21:05:378 INFO  NewAndUsedCarsPage :51 - Selecting Car modelCity from dropdown [[ChromeDriver: chrome on WINDOWS (6543846c94a892a1b0e78a49b4893278)] -> xpath: //select[@id='models']]
2022-05-19 21:05:489 INFO  NewAndUsedCarsPage :55 - Selecting Car Location[[ChromeDriver: chrome on WINDOWS (6543846c94a892a1b0e78a49b4893278)] -> xpath: //select[@id='locations']] from dropdown NSW - All
2022-05-19 21:05:606 INFO  NewAndUsedCarsPage :59 - Selecting Car price$50,000 from dropdown [[ChromeDriver: chrome on WINDOWS (6543846c94a892a1b0e78a49b4893278)] -> xpath: //select[@id='priceTo']]
2022-05-19 21:05:926 INFO  NewAndUsedCarsPage :63 - Clicking on FindMyCar Button [[ChromeDriver: chrome on WINDOWS (6543846c94a892a1b0e78a49b4893278)] -> xpath: //input[@id='search-submit']]
2022-05-19 21:05:187 INFO  NewAndUsedCarsPage :66 - getting Make text Proxy element for: DefaultElementLocator 'By.xpath: //select[@id='makes']'
2022-05-19 22:05:903 INFO  ManageDriver :31 - Launching Chrome Browser
2022-05-19 22:05:514 INFO  ManageDriver :31 - Launching Chrome Browser
2022-05-19 22:05:44 INFO  ManageDriver :31 - Launching Chrome Browser
2022-05-19 22:05:420 INFO  HomePage :35 - Mouse hover on  buyPlusSell  [[ChromeDriver: chrome on WINDOWS (84757629c9bc80f31ebd41abe0b2b942)] -> xpath: //a[contains(text(),'buy + sell')]]
2022-05-19 22:05:151 INFO  HomePage :39 - Clicking on search Car  [[ChromeDriver: chrome on WINDOWS (84757629c9bc80f31ebd41abe0b2b942)] -> xpath: //a[contains(text(),'Search Cars')]]
2022-05-19 22:05:337 INFO  NewAndUsedCarsPage :42 - getting NewAndUsed cars text  [[ChromeDriver: chrome on WINDOWS (84757629c9bc80f31ebd41abe0b2b942)] -> xpath: //div[@class='heading main-heading item-ad-wrapper ']/h1]
2022-05-19 22:05:527 INFO  NewAndUsedCarsPage :47 - Selecting Car MakeKia from dropdown [[ChromeDriver: chrome on WINDOWS (84757629c9bc80f31ebd41abe0b2b942)] -> xpath: //select[@id='makes']]
2022-05-19 22:05:114 INFO  NewAndUsedCarsPage :51 - Selecting Car modelNiro from dropdown [[ChromeDriver: chrome on WINDOWS (84757629c9bc80f31ebd41abe0b2b942)] -> xpath: //select[@id='models']]
2022-05-19 22:05:202 INFO  NewAndUsedCarsPage :55 - Selecting Car Location[[ChromeDriver: chrome on WINDOWS (84757629c9bc80f31ebd41abe0b2b942)] -> xpath: //select[@id='locations']] from dropdown QLD - All
2022-05-19 22:05:304 INFO  NewAndUsedCarsPage :59 - Selecting Car price$60,000 from dropdown [[ChromeDriver: chrome on WINDOWS (84757629c9bc80f31ebd41abe0b2b942)] -> xpath: //select[@id='priceTo']]
2022-05-19 22:05:566 INFO  NewAndUsedCarsPage :63 - Clicking on FindMyCar Button [[ChromeDriver: chrome on WINDOWS (84757629c9bc80f31ebd41abe0b2b942)] -> xpath: //input[@id='search-submit']]
2022-05-19 22:05:603 INFO  NewAndUsedCarsPage :66 - getting Make text Proxy element for: DefaultElementLocator 'By.xpath: //select[@id='makes']'
2022-05-19 22:05:626 INFO  ManageDriver :31 - Launching Chrome Browser
2022-05-19 22:05:82 INFO  HomePage :35 - Mouse hover on  buyPlusSell  [[ChromeDriver: chrome on WINDOWS (0dea775f1c67dd02e313e4f290246bd5)] -> xpath: //a[contains(text(),'buy + sell')]]
2022-05-19 22:05:484 INFO  HomePage :39 - Clicking on search Car  [[ChromeDriver: chrome on WINDOWS (0dea775f1c67dd02e313e4f290246bd5)] -> xpath: //a[contains(text(),'Search Cars')]]
2022-05-19 22:05:738 INFO  NewAndUsedCarsPage :42 - getting NewAndUsed cars text  [[ChromeDriver: chrome on WINDOWS (0dea775f1c67dd02e313e4f290246bd5)] -> xpath: //div[@class='heading main-heading item-ad-wrapper ']/h1]
2022-05-19 22:05:858 INFO  NewAndUsedCarsPage :47 - Selecting Car MakeNissan from dropdown [[ChromeDriver: chrome on WINDOWS (0dea775f1c67dd02e313e4f290246bd5)] -> xpath: //select[@id='makes']]
2022-05-19 22:05:977 INFO  NewAndUsedCarsPage :51 - Selecting Car modelAltima from dropdown [[ChromeDriver: chrome on WINDOWS (0dea775f1c67dd02e313e4f290246bd5)] -> xpath: //select[@id='models']]
2022-05-19 22:05:74 INFO  NewAndUsedCarsPage :55 - Selecting Car Location[[ChromeDriver: chrome on WINDOWS (0dea775f1c67dd02e313e4f290246bd5)] -> xpath: //select[@id='locations']] from dropdown NT - South
2022-05-19 22:05:169 INFO  NewAndUsedCarsPage :59 - Selecting Car price$45,000 from dropdown [[ChromeDriver: chrome on WINDOWS (0dea775f1c67dd02e313e4f290246bd5)] -> xpath: //select[@id='priceTo']]
2022-05-19 22:05:256 INFO  NewAndUsedCarsPage :63 - Clicking on FindMyCar Button [[ChromeDriver: chrome on WINDOWS (0dea775f1c67dd02e313e4f290246bd5)] -> xpath: //input[@id='search-submit']]
2022-05-19 22:05:511 INFO  NewAndUsedCarsPage :66 - getting Make text Proxy element for: DefaultElementLocator 'By.xpath: //select[@id='makes']'
2022-05-19 22:05:457 INFO  ManageDriver :31 - Launching Chrome Browser
2022-05-19 22:05:849 INFO  HomePage :35 - Mouse hover on  buyPlusSell  [[ChromeDriver: chrome on WINDOWS (bb92491eb92a54553bc53a4385d93a76)] -> xpath: //a[contains(text(),'buy + sell')]]
2022-05-19 22:05:54 INFO  HomePage :39 - Clicking on search Car  [[ChromeDriver: chrome on WINDOWS (bb92491eb92a54553bc53a4385d93a76)] -> xpath: //a[contains(text(),'Search Cars')]]
2022-05-19 22:05:127 INFO  NewAndUsedCarsPage :42 - getting NewAndUsed cars text  [[ChromeDriver: chrome on WINDOWS (bb92491eb92a54553bc53a4385d93a76)] -> xpath: //div[@class='heading main-heading item-ad-wrapper ']/h1]
2022-05-19 22:05:248 INFO  NewAndUsedCarsPage :47 - Selecting Car MakeFord from dropdown [[ChromeDriver: chrome on WINDOWS (bb92491eb92a54553bc53a4385d93a76)] -> xpath: //select[@id='makes']]
2022-05-19 22:05:503 INFO  ManageDriver :31 - Launching Chrome Browser
2022-05-19 22:05:480 INFO  HomePage :35 - Mouse hover on  buyPlusSell  [[ChromeDriver: chrome on WINDOWS (84fda5c7c4e48d5299f87519a0e9c6b0)] -> xpath: //a[contains(text(),'buy + sell')]]
2022-05-19 22:05:36 INFO  HomePage :39 - Clicking on search Car  [[ChromeDriver: chrome on WINDOWS (84fda5c7c4e48d5299f87519a0e9c6b0)] -> xpath: //a[contains(text(),'Search Cars')]]
2022-05-19 22:05:228 INFO  NewAndUsedCarsPage :42 - getting NewAndUsed cars text  [[ChromeDriver: chrome on WINDOWS (84fda5c7c4e48d5299f87519a0e9c6b0)] -> xpath: //div[@class='heading main-heading item-ad-wrapper ']/h1]
2022-05-19 22:05:391 INFO  NewAndUsedCarsPage :47 - Selecting Car MakeAudi from dropdown [[ChromeDriver: chrome on WINDOWS (84fda5c7c4e48d5299f87519a0e9c6b0)] -> xpath: //select[@id='makes']]
2022-05-19 22:05:457 INFO  NewAndUsedCarsPage :51 - Selecting Car modelAny Model from dropdown [[ChromeDriver: chrome on WINDOWS (84fda5c7c4e48d5299f87519a0e9c6b0)] -> xpath: //select[@id='models']]
2022-05-19 22:05:550 INFO  NewAndUsedCarsPage :55 - Selecting Car Location[[ChromeDriver: chrome on WINDOWS (84fda5c7c4e48d5299f87519a0e9c6b0)] -> xpath: //select[@id='locations']] from dropdown NSW - All
2022-05-19 22:05:637 INFO  NewAndUsedCarsPage :59 - Selecting Car price$60,000 from dropdown [[ChromeDriver: chrome on WINDOWS (84fda5c7c4e48d5299f87519a0e9c6b0)] -> xpath: //select[@id='priceTo']]
2022-05-19 22:05:703 INFO  NewAndUsedCarsPage :63 - Clicking on FindMyCar Button [[ChromeDriver: chrome on WINDOWS (84fda5c7c4e48d5299f87519a0e9c6b0)] -> xpath: //input[@id='search-submit']]
2022-05-19 22:05:846 INFO  NewAndUsedCarsPage :66 - getting Make text Proxy element for: DefaultElementLocator 'By.xpath: //select[@id='makes']'
2022-05-19 22:05:834 INFO  ManageDriver :31 - Launching Chrome Browser
2022-05-19 22:05:605 INFO  HomePage :35 - Mouse hover on  buyPlusSell  [[ChromeDriver: chrome on WINDOWS (c5f7b6e568fdf43f538d52584be330d3)] -> xpath: //a[contains(text(),'buy + sell')]]
2022-05-19 22:05:484 INFO  HomePage :39 - Clicking on search Car  [[ChromeDriver: chrome on WINDOWS (c5f7b6e568fdf43f538d52584be330d3)] -> xpath: //a[contains(text(),'Search Cars')]]
2022-05-19 22:05:829 INFO  NewAndUsedCarsPage :42 - getting NewAndUsed cars text  [[ChromeDriver: chrome on WINDOWS (c5f7b6e568fdf43f538d52584be330d3)] -> xpath: //div[@class='heading main-heading item-ad-wrapper ']/h1]
2022-05-19 22:05:95 INFO  NewAndUsedCarsPage :47 - Selecting Car MakeHonda from dropdown [[ChromeDriver: chrome on WINDOWS (c5f7b6e568fdf43f538d52584be330d3)] -> xpath: //select[@id='makes']]
2022-05-19 22:05:966 INFO  NewAndUsedCarsPage :51 - Selecting Car modelCity from dropdown [[ChromeDriver: chrome on WINDOWS (c5f7b6e568fdf43f538d52584be330d3)] -> xpath: //select[@id='models']]
2022-05-19 22:05:71 INFO  NewAndUsedCarsPage :55 - Selecting Car Location[[ChromeDriver: chrome on WINDOWS (c5f7b6e568fdf43f538d52584be330d3)] -> xpath: //select[@id='locations']] from dropdown NSW - All
2022-05-19 22:05:191 INFO  NewAndUsedCarsPage :59 - Selecting Car price$50,000 from dropdown [[ChromeDriver: chrome on WINDOWS (c5f7b6e568fdf43f538d52584be330d3)] -> xpath: //select[@id='priceTo']]
2022-05-19 22:05:158 INFO  NewAndUsedCarsPage :63 - Clicking on FindMyCar Button [[ChromeDriver: chrome on WINDOWS (c5f7b6e568fdf43f538d52584be330d3)] -> xpath: //input[@id='search-submit']]
2022-05-19 22:05:521 INFO  NewAndUsedCarsPage :66 - getting Make text Proxy element for: DefaultElementLocator 'By.xpath: //select[@id='makes']'
2022-05-19 22:05:683 INFO  ManageDriver :31 - Launching Chrome Browser
2022-05-19 22:05:118 INFO  HomePage :35 - Mouse hover on  buyPlusSell  [[ChromeDriver: chrome on WINDOWS (ba849a40fd9af3df1e7e22d37c6d1051)] -> xpath: //a[contains(text(),'buy + sell')]]
2022-05-19 22:05:410 INFO  ManageDriver :31 - Launching Chrome Browser
2022-05-19 22:05:674 INFO  ManageDriver :31 - Launching Chrome Browser
2022-05-19 22:05:968 INFO  HomePage :35 - Mouse hover on  buyPlusSell  [[ChromeDriver: chrome on WINDOWS (b2a59cb7e37db896fb2adb142a1333fd)] -> xpath: //a[contains(text(),'buy + sell')]]
2022-05-19 22:05:282 INFO  ManageDriver :31 - Launching Chrome Browser
2022-05-19 22:05:629 INFO  ManageDriver :31 - Launching Chrome Browser
2022-05-19 22:05:83 INFO  HomePage :35 - Mouse hover on  buyPlusSell  [[ChromeDriver: chrome on WINDOWS (d747657f6f629fcaf8a2b27aebb3dce9)] -> xpath: //a[contains(text(),'buy + sell')]]
2022-05-19 22:05:106 INFO  HomePage :39 - Clicking on search Car  [[ChromeDriver: chrome on WINDOWS (d747657f6f629fcaf8a2b27aebb3dce9)] -> xpath: //a[contains(text(),'Search Cars')]]
2022-05-19 22:05:153 INFO  NewAndUsedCarsPage :42 - getting NewAndUsed cars text  [[ChromeDriver: chrome on WINDOWS (d747657f6f629fcaf8a2b27aebb3dce9)] -> xpath: //div[@class='heading main-heading item-ad-wrapper ']/h1]
2022-05-19 22:05:321 INFO  NewAndUsedCarsPage :47 - Selecting Car MakeToyota from dropdown [[ChromeDriver: chrome on WINDOWS (d747657f6f629fcaf8a2b27aebb3dce9)] -> xpath: //select[@id='makes']]
2022-05-19 22:05:501 INFO  NewAndUsedCarsPage :51 - Selecting Car modelAristo from dropdown [[ChromeDriver: chrome on WINDOWS (d747657f6f629fcaf8a2b27aebb3dce9)] -> xpath: //select[@id='models']]
2022-05-19 22:05:647 INFO  NewAndUsedCarsPage :55 - Selecting Car Location[[ChromeDriver: chrome on WINDOWS (d747657f6f629fcaf8a2b27aebb3dce9)] -> xpath: //select[@id='locations']] from dropdown NSW - All
2022-05-19 22:05:893 INFO  NewAndUsedCarsPage :59 - Selecting Car price$60,000 from dropdown [[ChromeDriver: chrome on WINDOWS (d747657f6f629fcaf8a2b27aebb3dce9)] -> xpath: //select[@id='priceTo']]
2022-05-19 22:05:811 INFO  NewAndUsedCarsPage :63 - Clicking on FindMyCar Button [[ChromeDriver: chrome on WINDOWS (d747657f6f629fcaf8a2b27aebb3dce9)] -> xpath: //input[@id='search-submit']]
2022-05-19 22:05:837 INFO  NewAndUsedCarsPage :66 - getting Make text Proxy element for: DefaultElementLocator 'By.xpath: //select[@id='makes']'
2022-05-19 22:05:769 INFO  HomePage :35 - Mouse hover on  buyPlusSell  [[FirefoxDriver: firefox on WINDOWS (9e00c3d9-c795-4144-b792-defb5091b61f)] -> xpath: //a[contains(text(),'buy + sell')]]
2022-05-19 22:05:933 INFO  HomePage :39 - Clicking on search Car  [[FirefoxDriver: firefox on WINDOWS (9e00c3d9-c795-4144-b792-defb5091b61f)] -> xpath: //a[contains(text(),'Search Cars')]]
2022-05-19 22:05:983 INFO  NewAndUsedCarsPage :42 - getting NewAndUsed cars text  [[FirefoxDriver: firefox on WINDOWS (9e00c3d9-c795-4144-b792-defb5091b61f)] -> xpath: //div[@class='heading main-heading item-ad-wrapper ']/h1]
2022-05-19 22:05:428 INFO  NewAndUsedCarsPage :47 - Selecting Car MakeHonda from dropdown [[FirefoxDriver: firefox on WINDOWS (9e00c3d9-c795-4144-b792-defb5091b61f)] -> xpath: //select[@id='makes']]
2022-05-19 22:05:723 INFO  NewAndUsedCarsPage :51 - Selecting Car modelCity from dropdown [[FirefoxDriver: firefox on WINDOWS (9e00c3d9-c795-4144-b792-defb5091b61f)] -> xpath: //select[@id='models']]
2022-05-19 22:05:58 INFO  NewAndUsedCarsPage :55 - Selecting Car Location[[FirefoxDriver: firefox on WINDOWS (9e00c3d9-c795-4144-b792-defb5091b61f)] -> xpath: //select[@id='locations']] from dropdown NSW - All
2022-05-19 22:05:396 INFO  NewAndUsedCarsPage :59 - Selecting Car price$50,000 from dropdown [[FirefoxDriver: firefox on WINDOWS (9e00c3d9-c795-4144-b792-defb5091b61f)] -> xpath: //select[@id='priceTo']]
2022-05-19 22:05:99 INFO  NewAndUsedCarsPage :63 - Clicking on FindMyCar Button [[FirefoxDriver: firefox on WINDOWS (9e00c3d9-c795-4144-b792-defb5091b61f)] -> xpath: //input[@id='search-submit']]
2022-05-19 22:05:158 INFO  NewAndUsedCarsPage :66 - getting Make text Proxy element for: DefaultElementLocator 'By.xpath: //select[@id='makes']'
2022-05-19 22:05:345 INFO  HomePage :35 - Mouse hover on  buyPlusSell  [[FirefoxDriver: firefox on WINDOWS (f3de3877-5133-4fe0-a8b3-bba429e37db7)] -> xpath: //a[contains(text(),'buy + sell')]]
2022-05-19 22:05:22 INFO  HomePage :39 - Clicking on search Car  [[FirefoxDriver: firefox on WINDOWS (f3de3877-5133-4fe0-a8b3-bba429e37db7)] -> xpath: //a[contains(text(),'Search Cars')]]
2022-05-19 22:05:57 INFO  NewAndUsedCarsPage :42 - getting NewAndUsed cars text  [[FirefoxDriver: firefox on WINDOWS (f3de3877-5133-4fe0-a8b3-bba429e37db7)] -> xpath: //div[@class='heading main-heading item-ad-wrapper ']/h1]
2022-05-19 22:05:632 INFO  NewAndUsedCarsPage :47 - Selecting Car MakeJeep from dropdown [[FirefoxDriver: firefox on WINDOWS (f3de3877-5133-4fe0-a8b3-bba429e37db7)] -> xpath: //select[@id='makes']]
2022-05-19 22:05:53 INFO  NewAndUsedCarsPage :51 - Selecting Car modelWrangler from dropdown [[FirefoxDriver: firefox on WINDOWS (f3de3877-5133-4fe0-a8b3-bba429e37db7)] -> xpath: //select[@id='models']]
2022-05-19 22:05:370 INFO  NewAndUsedCarsPage :55 - Selecting Car Location[[FirefoxDriver: firefox on WINDOWS (f3de3877-5133-4fe0-a8b3-bba429e37db7)] -> xpath: //select[@id='locations']] from dropdown NSW - All
2022-05-19 22:05:666 INFO  NewAndUsedCarsPage :59 - Selecting Car price$60,000 from dropdown [[FirefoxDriver: firefox on WINDOWS (f3de3877-5133-4fe0-a8b3-bba429e37db7)] -> xpath: //select[@id='priceTo']]
2022-05-19 22:05:694 INFO  NewAndUsedCarsPage :63 - Clicking on FindMyCar Button [[FirefoxDriver: firefox on WINDOWS (f3de3877-5133-4fe0-a8b3-bba429e37db7)] -> xpath: //input[@id='search-submit']]
2022-05-19 22:05:757 INFO  NewAndUsedCarsPage :66 - getting Make text Proxy element for: DefaultElementLocator 'By.xpath: //select[@id='makes']'
2022-05-19 22:05:836 INFO  HomePage :35 - Mouse hover on  buyPlusSell  [[FirefoxDriver: firefox on WINDOWS (0a1c920e-2ded-466a-a2a3-7a50c47c24c9)] -> xpath: //a[contains(text(),'buy + sell')]]
2022-05-19 22:05:451 INFO  HomePage :39 - Clicking on search Car  [[FirefoxDriver: firefox on WINDOWS (0a1c920e-2ded-466a-a2a3-7a50c47c24c9)] -> xpath: //a[contains(text(),'Search Cars')]]
2022-05-19 22:05:578 INFO  ResultPage :25 - getting Make text Proxy element for: DefaultElementLocator 'By.xpath: //h1[@class='listing-search-title']'
2022-05-19 22:05:350 INFO  HomePage :35 - Mouse hover on  buyPlusSell  [[FirefoxDriver: firefox on WINDOWS (442199cc-2e42-4ead-8f04-580f9a46fe5a)] -> xpath: //a[contains(text(),'buy + sell')]]
2022-05-19 22:05:513 INFO  HomePage :39 - Clicking on search Car  [[FirefoxDriver: firefox on WINDOWS (442199cc-2e42-4ead-8f04-580f9a46fe5a)] -> xpath: //a[contains(text(),'Search Cars')]]
2022-05-19 22:05:542 INFO  ResultPage :25 - getting Make text Proxy element for: DefaultElementLocator 'By.xpath: //h1[@class='listing-search-title']'
2022-05-19 22:05:589 INFO  HomePage :35 - Mouse hover on  buyPlusSell  [[FirefoxDriver: firefox on WINDOWS (3e4038f3-de66-41cf-9b0e-091f3737bd9d)] -> xpath: //a[contains(text(),'buy + sell')]]
2022-05-19 22:05:288 INFO  HomePage :39 - Clicking on search Car  [[FirefoxDriver: firefox on WINDOWS (3e4038f3-de66-41cf-9b0e-091f3737bd9d)] -> xpath: //a[contains(text(),'Search Cars')]]
2022-05-19 22:05:419 INFO  ResultPage :25 - getting Make text Proxy element for: DefaultElementLocator 'By.xpath: //h1[@class='listing-search-title']'
2022-05-19 22:05:611 INFO  HomePage :35 - Mouse hover on  buyPlusSell  [[FirefoxDriver: firefox on WINDOWS (2bf79e23-a1a5-450a-8d4a-9b404c59ec32)] -> xpath: //a[contains(text(),'buy + sell')]]
2022-05-19 22:05:608 INFO  HomePage :39 - Clicking on search Car  [[FirefoxDriver: firefox on WINDOWS (2bf79e23-a1a5-450a-8d4a-9b404c59ec32)] -> xpath: //a[contains(text(),'Search Cars')]]
2022-05-19 22:05:816 INFO  ResultPage :25 - getting Make text Proxy element for: DefaultElementLocator 'By.xpath: //h1[@class='listing-search-title']'
2022-05-19 22:05:529 INFO  HomePage :35 - Mouse hover on  buyPlusSell  [[FirefoxDriver: firefox on WINDOWS (d0b32878-dceb-419b-b02e-02379bd5dabd)] -> xpath: //a[contains(text(),'buy + sell')]]
2022-05-19 22:05:788 INFO  HomePage :39 - Clicking on search Car  [[FirefoxDriver: firefox on WINDOWS (d0b32878-dceb-419b-b02e-02379bd5dabd)] -> xpath: //a[contains(text(),'Search Cars')]]
2022-05-19 22:05:836 INFO  ResultPage :25 - getting Make text Proxy element for: DefaultElementLocator 'By.xpath: //h1[@class='listing-search-title']'
2022-05-19 22:05:757 INFO  HomePage :35 - Mouse hover on  buyPlusSell  [[FirefoxDriver: firefox on WINDOWS (d48e02b2-9c5b-40d9-a0db-73271da86976)] -> xpath: //a[contains(text(),'buy + sell')]]
2022-05-19 22:05:804 INFO  HomePage :39 - Clicking on search Car  [[FirefoxDriver: firefox on WINDOWS (d48e02b2-9c5b-40d9-a0db-73271da86976)] -> xpath: //a[contains(text(),'Search Cars')]]
2022-05-19 22:05:886 INFO  ResultPage :25 - getting Make text Proxy element for: DefaultElementLocator 'By.xpath: //h1[@class='listing-search-title']'
2022-05-19 22:05:144 INFO  HomePage :35 - Mouse hover on  buyPlusSell  [[FirefoxDriver: firefox on WINDOWS (18a55c1c-9e22-49ea-b628-14846ad5dea5)] -> xpath: //a[contains(text(),'buy + sell')]]
2022-05-19 22:05:767 INFO  HomePage :39 - Clicking on search Car  [[FirefoxDriver: firefox on WINDOWS (18a55c1c-9e22-49ea-b628-14846ad5dea5)] -> xpath: //a[contains(text(),'Search Cars')]]
2022-05-19 22:05:821 INFO  ResultPage :25 - getting Make text Proxy element for: DefaultElementLocator 'By.xpath: //h1[@class='listing-search-title']'
2022-05-19 22:05:357 INFO  ManageDriver :31 - Launching Chrome Browser
2022-05-19 22:05:438 INFO  HomePage :35 - Mouse hover on  buyPlusSell  [[ChromeDriver: chrome on WINDOWS (79d827c393a707429e399e6fa5271604)] -> xpath: //a[contains(text(),'buy + sell')]]
2022-05-19 22:05:382 INFO  HomePage :39 - Clicking on search Car  [[ChromeDriver: chrome on WINDOWS (79d827c393a707429e399e6fa5271604)] -> xpath: //a[contains(text(),'Search Cars')]]
2022-05-19 22:05:473 INFO  ResultPage :25 - getting Make text Proxy element for: DefaultElementLocator 'By.xpath: //h1[@class='listing-search-title']'
2022-05-19 22:05:524 INFO  ManageDriver :31 - Launching Chrome Browser
2022-05-19 22:05:270 INFO  HomePage :35 - Mouse hover on  buyPlusSell  [[ChromeDriver: chrome on WINDOWS (81125d4c3e69cbda68ff2fb95d2fdc35)] -> xpath: //a[contains(text(),'buy + sell')]]
2022-05-19 22:05:162 INFO  HomePage :39 - Clicking on search Car  [[ChromeDriver: chrome on WINDOWS (81125d4c3e69cbda68ff2fb95d2fdc35)] -> xpath: //a[contains(text(),'Search Cars')]]
2022-05-19 22:05:362 INFO  ResultPage :25 - getting Make text Proxy element for: DefaultElementLocator 'By.xpath: //h1[@class='listing-search-title']'
2022-05-19 22:05:552 INFO  ManageDriver :31 - Launching Chrome Browser
2022-05-19 22:05:559 INFO  HomePage :35 - Mouse hover on  buyPlusSell  [[ChromeDriver: chrome on WINDOWS (8dbcc0936f157c439334e781297794cd)] -> xpath: //a[contains(text(),'buy + sell')]]
2022-05-19 22:05:746 INFO  HomePage :39 - Clicking on search Car  [[ChromeDriver: chrome on WINDOWS (8dbcc0936f157c439334e781297794cd)] -> xpath: //a[contains(text(),'Search Cars')]]
2022-05-19 22:05:748 INFO  ManageDriver :31 - Launching Chrome Browser
2022-05-19 22:05:295 INFO  HomePage :35 - Mouse hover on  buyPlusSell  [[FirefoxDriver: firefox on WINDOWS (3fff1d8c-f2a3-4182-9b93-57eb1d03c3b3)] -> xpath: //a[contains(text(),'buy + sell')]]
2022-05-19 22:05:207 INFO  HomePage :39 - Clicking on search Car  [[FirefoxDriver: firefox on WINDOWS (3fff1d8c-f2a3-4182-9b93-57eb1d03c3b3)] -> xpath: //a[contains(text(),'Search Cars')]]
2022-05-19 22:05:268 INFO  NewAndUsedCarsPage :42 - getting NewAndUsed cars text  [[FirefoxDriver: firefox on WINDOWS (3fff1d8c-f2a3-4182-9b93-57eb1d03c3b3)] -> xpath: //div[@class='heading main-heading item-ad-wrapper ']/h1]
2022-05-19 22:05:730 INFO  NewAndUsedCarsPage :47 - Selecting Car MakeHonda from dropdown [[FirefoxDriver: firefox on WINDOWS (3fff1d8c-f2a3-4182-9b93-57eb1d03c3b3)] -> xpath: //select[@id='makes']]
2022-05-19 22:05:988 INFO  NewAndUsedCarsPage :51 - Selecting Car modelCity from dropdown [[FirefoxDriver: firefox on WINDOWS (3fff1d8c-f2a3-4182-9b93-57eb1d03c3b3)] -> xpath: //select[@id='models']]
2022-05-19 22:05:237 INFO  NewAndUsedCarsPage :55 - Selecting Car Location[[FirefoxDriver: firefox on WINDOWS (3fff1d8c-f2a3-4182-9b93-57eb1d03c3b3)] -> xpath: //select[@id='locations']] from dropdown NSW - All
2022-05-19 22:05:481 INFO  NewAndUsedCarsPage :59 - Selecting Car price$50,000 from dropdown [[FirefoxDriver: firefox on WINDOWS (3fff1d8c-f2a3-4182-9b93-57eb1d03c3b3)] -> xpath: //select[@id='priceTo']]
2022-05-19 22:05:31 INFO  NewAndUsedCarsPage :63 - Clicking on FindMyCar Button [[FirefoxDriver: firefox on WINDOWS (3fff1d8c-f2a3-4182-9b93-57eb1d03c3b3)] -> xpath: //input[@id='search-submit']]
2022-05-19 22:05:146 INFO  ResultPage :25 - getting Make text [[FirefoxDriver: firefox on WINDOWS (3fff1d8c-f2a3-4182-9b93-57eb1d03c3b3)] -> xpath: //h1[@class='listing-search-title']]
2022-05-19 22:05:836 INFO  HomePage :35 - Mouse hover on  buyPlusSell  [[FirefoxDriver: firefox on WINDOWS (83457405-dfda-455a-a57d-90ec9fdb0c46)] -> xpath: //a[contains(text(),'buy + sell')]]
2022-05-19 22:05:55 INFO  HomePage :39 - Clicking on search Car  [[FirefoxDriver: firefox on WINDOWS (83457405-dfda-455a-a57d-90ec9fdb0c46)] -> xpath: //a[contains(text(),'Search Cars')]]
2022-05-19 22:05:196 INFO  NewAndUsedCarsPage :42 - getting NewAndUsed cars text  [[FirefoxDriver: firefox on WINDOWS (83457405-dfda-455a-a57d-90ec9fdb0c46)] -> xpath: //div[@class='heading main-heading item-ad-wrapper ']/h1]
2022-05-19 22:05:732 INFO  NewAndUsedCarsPage :47 - Selecting Car MakeJeep from dropdown [[FirefoxDriver: firefox on WINDOWS (83457405-dfda-455a-a57d-90ec9fdb0c46)] -> xpath: //select[@id='makes']]
2022-05-19 22:05:49 INFO  NewAndUsedCarsPage :51 - Selecting Car modelWrangler from dropdown [[FirefoxDriver: firefox on WINDOWS (83457405-dfda-455a-a57d-90ec9fdb0c46)] -> xpath: //select[@id='models']]
2022-05-19 22:05:431 INFO  NewAndUsedCarsPage :55 - Selecting Car Location[[FirefoxDriver: firefox on WINDOWS (83457405-dfda-455a-a57d-90ec9fdb0c46)] -> xpath: //select[@id='locations']] from dropdown NSW - All
2022-05-19 22:05:717 INFO  NewAndUsedCarsPage :59 - Selecting Car price$60,000 from dropdown [[FirefoxDriver: firefox on WINDOWS (83457405-dfda-455a-a57d-90ec9fdb0c46)] -> xpath: //select[@id='priceTo']]
2022-05-19 22:05:586 INFO  NewAndUsedCarsPage :63 - Clicking on FindMyCar Button [[FirefoxDriver: firefox on WINDOWS (83457405-dfda-455a-a57d-90ec9fdb0c46)] -> xpath: //input[@id='search-submit']]
2022-05-19 22:05:648 INFO  ResultPage :25 - getting Make text [[FirefoxDriver: firefox on WINDOWS (83457405-dfda-455a-a57d-90ec9fdb0c46)] -> xpath: //h1[@class='listing-search-title']]
2022-05-19 22:05:599 INFO  HomePage :35 - Mouse hover on  buyPlusSell  [[FirefoxDriver: firefox on WINDOWS (bb3731bd-0135-4a71-b071-6f2ea8ad2938)] -> xpath: //a[contains(text(),'buy + sell')]]
2022-05-19 22:05:357 INFO  HomePage :39 - Clicking on search Car  [[FirefoxDriver: firefox on WINDOWS (bb3731bd-0135-4a71-b071-6f2ea8ad2938)] -> xpath: //a[contains(text(),'Search Cars')]]
2022-05-19 22:05:407 INFO  NewAndUsedCarsPage :42 - getting NewAndUsed cars text  [[FirefoxDriver: firefox on WINDOWS (bb3731bd-0135-4a71-b071-6f2ea8ad2938)] -> xpath: //div[@class='heading main-heading item-ad-wrapper ']/h1]
2022-05-19 22:05:849 INFO  NewAndUsedCarsPage :47 - Selecting Car MakeKia from dropdown [[FirefoxDriver: firefox on WINDOWS (bb3731bd-0135-4a71-b071-6f2ea8ad2938)] -> xpath: //select[@id='makes']]
2022-05-19 22:05:177 INFO  NewAndUsedCarsPage :51 - Selecting Car modelNiro from dropdown [[FirefoxDriver: firefox on WINDOWS (bb3731bd-0135-4a71-b071-6f2ea8ad2938)] -> xpath: //select[@id='models']]
2022-05-19 22:05:428 INFO  NewAndUsedCarsPage :55 - Selecting Car Location[[FirefoxDriver: firefox on WINDOWS (bb3731bd-0135-4a71-b071-6f2ea8ad2938)] -> xpath: //select[@id='locations']] from dropdown QLD - All
2022-05-19 22:05:665 INFO  NewAndUsedCarsPage :59 - Selecting Car price$40,000 from dropdown [[FirefoxDriver: firefox on WINDOWS (bb3731bd-0135-4a71-b071-6f2ea8ad2938)] -> xpath: //select[@id='priceTo']]
2022-05-19 22:05:78 INFO  NewAndUsedCarsPage :63 - Clicking on FindMyCar Button [[FirefoxDriver: firefox on WINDOWS (bb3731bd-0135-4a71-b071-6f2ea8ad2938)] -> xpath: //input[@id='search-submit']]
2022-05-19 22:05:107 INFO  ResultPage :25 - getting Make text [[FirefoxDriver: firefox on WINDOWS (bb3731bd-0135-4a71-b071-6f2ea8ad2938)] -> xpath: //h1[@class='listing-search-title']]
2022-05-19 22:05:844 INFO  HomePage :35 - Mouse hover on  buyPlusSell  [[FirefoxDriver: firefox on WINDOWS (9f039f2a-343b-4e9b-81a8-830e3b575918)] -> xpath: //a[contains(text(),'buy + sell')]]
2022-05-19 22:05:926 INFO  HomePage :39 - Clicking on search Car  [[FirefoxDriver: firefox on WINDOWS (9f039f2a-343b-4e9b-81a8-830e3b575918)] -> xpath: //a[contains(text(),'Search Cars')]]
2022-05-19 22:05:967 INFO  NewAndUsedCarsPage :42 - getting NewAndUsed cars text  [[FirefoxDriver: firefox on WINDOWS (9f039f2a-343b-4e9b-81a8-830e3b575918)] -> xpath: //div[@class='heading main-heading item-ad-wrapper ']/h1]
2022-05-19 22:05:420 INFO  NewAndUsedCarsPage :47 - Selecting Car MakeNissan from dropdown [[FirefoxDriver: firefox on WINDOWS (9f039f2a-343b-4e9b-81a8-830e3b575918)] -> xpath: //select[@id='makes']]
2022-05-19 22:05:738 INFO  NewAndUsedCarsPage :51 - Selecting Car modelAltima from dropdown [[FirefoxDriver: firefox on WINDOWS (9f039f2a-343b-4e9b-81a8-830e3b575918)] -> xpath: //select[@id='models']]
2022-05-19 22:05:38 INFO  NewAndUsedCarsPage :55 - Selecting Car Location[[FirefoxDriver: firefox on WINDOWS (9f039f2a-343b-4e9b-81a8-830e3b575918)] -> xpath: //select[@id='locations']] from dropdown NT - South
2022-05-19 22:05:300 INFO  NewAndUsedCarsPage :59 - Selecting Car price$45,000 from dropdown [[FirefoxDriver: firefox on WINDOWS (9f039f2a-343b-4e9b-81a8-830e3b575918)] -> xpath: //select[@id='priceTo']]
2022-05-19 22:05:252 INFO  NewAndUsedCarsPage :63 - Clicking on FindMyCar Button [[FirefoxDriver: firefox on WINDOWS (9f039f2a-343b-4e9b-81a8-830e3b575918)] -> xpath: //input[@id='search-submit']]
2022-05-19 22:05:314 INFO  ResultPage :25 - getting Make text Proxy element for: DefaultElementLocator 'By.xpath: //h1[@class='listing-search-title']'
2022-05-19 22:05:238 INFO  HomePage :35 - Mouse hover on  buyPlusSell  [[FirefoxDriver: firefox on WINDOWS (8ed6069f-b91e-4eae-a0a6-581b560035b9)] -> xpath: //a[contains(text(),'buy + sell')]]
2022-05-19 22:05:57 INFO  HomePage :39 - Clicking on search Car  [[FirefoxDriver: firefox on WINDOWS (8ed6069f-b91e-4eae-a0a6-581b560035b9)] -> xpath: //a[contains(text(),'Search Cars')]]
2022-05-19 22:05:136 INFO  NewAndUsedCarsPage :42 - getting NewAndUsed cars text  [[FirefoxDriver: firefox on WINDOWS (8ed6069f-b91e-4eae-a0a6-581b560035b9)] -> xpath: //div[@class='heading main-heading item-ad-wrapper ']/h1]
2022-05-19 22:05:923 INFO  HomePage :35 - Mouse hover on  buyPlusSell  [[FirefoxDriver: firefox on WINDOWS (212bf819-1f4b-4665-88a9-6c84c6d14bb4)] -> xpath: //a[contains(text(),'buy + sell')]]
2022-05-19 22:05:736 INFO  HomePage :39 - Clicking on search Car  [[FirefoxDriver: firefox on WINDOWS (212bf819-1f4b-4665-88a9-6c84c6d14bb4)] -> xpath: //a[contains(text(),'Search Cars')]]
2022-05-19 22:05:767 INFO  NewAndUsedCarsPage :42 - getting NewAndUsed cars text  [[FirefoxDriver: firefox on WINDOWS (212bf819-1f4b-4665-88a9-6c84c6d14bb4)] -> xpath: //div[@class='heading main-heading item-ad-wrapper ']/h1]
2022-05-19 22:05:124 INFO  NewAndUsedCarsPage :47 - Selecting Car MakeVolkswagen from dropdown [[FirefoxDriver: firefox on WINDOWS (212bf819-1f4b-4665-88a9-6c84c6d14bb4)] -> xpath: //select[@id='makes']]
2022-05-19 22:05:403 INFO  NewAndUsedCarsPage :51 - Selecting Car modelGolf from dropdown [[FirefoxDriver: firefox on WINDOWS (212bf819-1f4b-4665-88a9-6c84c6d14bb4)] -> xpath: //select[@id='models']]
2022-05-19 22:05:649 INFO  NewAndUsedCarsPage :55 - Selecting Car Location[[FirefoxDriver: firefox on WINDOWS (212bf819-1f4b-4665-88a9-6c84c6d14bb4)] -> xpath: //select[@id='locations']] from dropdown NSW - Sydney
2022-05-19 22:05:895 INFO  NewAndUsedCarsPage :59 - Selecting Car price$45,000 from dropdown [[FirefoxDriver: firefox on WINDOWS (212bf819-1f4b-4665-88a9-6c84c6d14bb4)] -> xpath: //select[@id='priceTo']]
2022-05-19 22:05:343 INFO  NewAndUsedCarsPage :63 - Clicking on FindMyCar Button [[FirefoxDriver: firefox on WINDOWS (212bf819-1f4b-4665-88a9-6c84c6d14bb4)] -> xpath: //input[@id='search-submit']]
2022-05-19 22:05:392 INFO  ResultPage :25 - getting Make text [[FirefoxDriver: firefox on WINDOWS (212bf819-1f4b-4665-88a9-6c84c6d14bb4)] -> xpath: //h1[@class='listing-search-title']]
2022-05-19 22:05:511 INFO  HomePage :35 - Mouse hover on  buyPlusSell  [[FirefoxDriver: firefox on WINDOWS (73ed636a-e6a5-41b6-baa5-7910be501f5d)] -> xpath: //a[contains(text(),'buy + sell')]]
2022-05-19 22:05:459 INFO  HomePage :39 - Clicking on search Car  [[FirefoxDriver: firefox on WINDOWS (73ed636a-e6a5-41b6-baa5-7910be501f5d)] -> xpath: //a[contains(text(),'Search Cars')]]
2022-05-19 22:05:494 INFO  NewAndUsedCarsPage :42 - getting NewAndUsed cars text  [[FirefoxDriver: firefox on WINDOWS (73ed636a-e6a5-41b6-baa5-7910be501f5d)] -> xpath: //div[@class='heading main-heading item-ad-wrapper ']/h1]
2022-05-19 22:05:880 INFO  NewAndUsedCarsPage :47 - Selecting Car MakeHyundai from dropdown [[FirefoxDriver: firefox on WINDOWS (73ed636a-e6a5-41b6-baa5-7910be501f5d)] -> xpath: //select[@id='makes']]
2022-05-19 22:05:138 INFO  NewAndUsedCarsPage :51 - Selecting Car modelAccent from dropdown [[FirefoxDriver: firefox on WINDOWS (73ed636a-e6a5-41b6-baa5-7910be501f5d)] -> xpath: //select[@id='models']]
2022-05-19 23:05:668 INFO  HomePage :35 - Mouse hover on  buyPlusSell  [[FirefoxDriver: firefox on WINDOWS (539eac43-551f-4cea-a372-861ce1d0fa38)] -> xpath: //a[contains(text(),'buy + sell')]]
2022-05-19 23:05:481 INFO  HomePage :39 - Clicking on search Car  [[FirefoxDriver: firefox on WINDOWS (539eac43-551f-4cea-a372-861ce1d0fa38)] -> xpath: //a[contains(text(),'Search Cars')]]
2022-05-19 23:05:517 INFO  NewAndUsedCarsPage :42 - getting NewAndUsed cars text  [[FirefoxDriver: firefox on WINDOWS (539eac43-551f-4cea-a372-861ce1d0fa38)] -> xpath: //div[@class='heading main-heading item-ad-wrapper ']/h1]
2022-05-19 23:05:923 INFO  NewAndUsedCarsPage :47 - Selecting Car MakeSuzuki from dropdown [[FirefoxDriver: firefox on WINDOWS (539eac43-551f-4cea-a372-861ce1d0fa38)] -> xpath: //select[@id='makes']]
2022-05-19 23:05:209 INFO  NewAndUsedCarsPage :51 - Selecting Car modelVitara from dropdown [[FirefoxDriver: firefox on WINDOWS (539eac43-551f-4cea-a372-861ce1d0fa38)] -> xpath: //select[@id='models']]
2022-05-19 23:05:517 INFO  NewAndUsedCarsPage :55 - Selecting Car Location[[FirefoxDriver: firefox on WINDOWS (539eac43-551f-4cea-a372-861ce1d0fa38)] -> xpath: //select[@id='locations']] from dropdown NT - South
2022-05-19 23:05:774 INFO  NewAndUsedCarsPage :59 - Selecting Car price$45,000 from dropdown [[FirefoxDriver: firefox on WINDOWS (539eac43-551f-4cea-a372-861ce1d0fa38)] -> xpath: //select[@id='priceTo']]
2022-05-19 23:05:938 INFO  NewAndUsedCarsPage :63 - Clicking on FindMyCar Button [[FirefoxDriver: firefox on WINDOWS (539eac43-551f-4cea-a372-861ce1d0fa38)] -> xpath: //input[@id='search-submit']]
2022-05-19 23:05:10 INFO  ResultPage :25 - getting Make text [[FirefoxDriver: firefox on WINDOWS (539eac43-551f-4cea-a372-861ce1d0fa38)] -> xpath: //h1[@class='listing-search-title']]
2022-05-19 23:05:38 INFO  HomePage :35 - Mouse hover on  buyPlusSell  [[FirefoxDriver: firefox on WINDOWS (9030be59-b84f-48e1-9fe8-929da77f1672)] -> xpath: //a[contains(text(),'buy + sell')]]
2022-05-19 23:05:819 INFO  HomePage :39 - Clicking on search Car  [[FirefoxDriver: firefox on WINDOWS (9030be59-b84f-48e1-9fe8-929da77f1672)] -> xpath: //a[contains(text(),'Search Cars')]]
2022-05-19 23:05:858 INFO  NewAndUsedCarsPage :42 - getting NewAndUsed cars text  [[FirefoxDriver: firefox on WINDOWS (9030be59-b84f-48e1-9fe8-929da77f1672)] -> xpath: //div[@class='heading main-heading item-ad-wrapper ']/h1]
2022-05-19 23:05:327 INFO  NewAndUsedCarsPage :47 - Selecting Car MakeToyota from dropdown [[FirefoxDriver: firefox on WINDOWS (9030be59-b84f-48e1-9fe8-929da77f1672)] -> xpath: //select[@id='makes']]
2022-05-19 23:05:926 INFO  HomePage :35 - Mouse hover on  buyPlusSell  [[FirefoxDriver: firefox on WINDOWS (eb4d81ff-7783-431d-ad68-f4c8809f5e21)] -> xpath: //a[contains(text(),'buy + sell')]]
2022-05-19 23:05:154 INFO  HomePage :35 - Mouse hover on  buyPlusSell  [[FirefoxDriver: firefox on WINDOWS (5129eed5-b2a4-406c-a47f-75977f14e84e)] -> xpath: //a[contains(text(),'buy + sell')]]
2022-05-19 23:05:310 INFO  HomePage :35 - Mouse hover on  buyPlusSell  [[FirefoxDriver: firefox on WINDOWS (c44be86f-0eae-4162-beda-dd740855722e)] -> xpath: //a[contains(text(),'buy + sell')]]
2022-05-19 23:05:933 INFO  ManageDriver :31 - Launching Chrome Browser
2022-05-19 23:05:132 INFO  HomePage :35 - Mouse hover on  buyPlusSell  [[FirefoxDriver: firefox on WINDOWS (aa3829d3-cf9b-49c5-ad37-9dbb25040f9f)] -> xpath: //a[contains(text(),'buy + sell')]]
2022-05-19 23:05:637 INFO  HomePage :35 - Mouse hover on  buyPlusSell  [[FirefoxDriver: firefox on WINDOWS (b61f90b4-bead-4689-9eb2-5e35cb1e47b8)] -> xpath: //a[contains(text(),'buy + sell')]]
2022-05-19 23:05:21 INFO  HomePage :35 - Mouse hover on  buyPlusSell  [[FirefoxDriver: firefox on WINDOWS (4c7a780f-1998-4956-87dd-8fa1616f6ed5)] -> xpath: //a[contains(text(),'buy + sell')]]
2022-05-19 23:05:193 INFO  HomePage :35 - Mouse hover on  buyPlusSell  [[FirefoxDriver: firefox on WINDOWS (65229a3f-eacb-4cde-a9d0-efa45418a1e4)] -> xpath: //a[contains(text(),'buy + sell')]]
2022-05-20 00:05:795 INFO  HomePage :35 - Mouse hover on  buyPlusSell  [[FirefoxDriver: firefox on WINDOWS (302eecb3-7eb0-4a95-8927-7e289ecdf0d2)] -> xpath: //a[contains(text(),'buy + sell')]]
2022-05-20 00:05:362 INFO  HomePage :35 - Mouse hover on  buyPlusSell  [[FirefoxDriver: firefox on WINDOWS (80d5cf40-4f68-4dcf-aef3-cce14b8e8798)] -> xpath: //a[contains(text(),'buy + sell')]]
2022-05-20 00:05:904 INFO  HomePage :43 - Clicking on used Car [[FirefoxDriver: firefox on WINDOWS (80d5cf40-4f68-4dcf-aef3-cce14b8e8798)] -> xpath: //div[@class='uhf-child-content']//a[contains(text(),'Used')]]
2022-05-20 00:05:961 INFO  ResultPage :25 - getting Make text Proxy element for: DefaultElementLocator 'By.xpath: //h1[@class='listing-search-title']'
2022-05-20 00:05:396 INFO  HomePage :35 - Mouse hover on  buyPlusSell  [[FirefoxDriver: firefox on WINDOWS (4b6691bf-d82b-4573-9178-b8b74a174de0)] -> xpath: //a[contains(text(),'buy + sell')]]
2022-05-20 00:05:461 INFO  HomePage :43 - Clicking on used Car [[FirefoxDriver: firefox on WINDOWS (4b6691bf-d82b-4573-9178-b8b74a174de0)] -> xpath: //div[@class='uhf-child-content']//a[contains(text(),'Used')]]
2022-05-20 00:05:578 INFO  UsedCarPage :63 - getting Make text [[FirefoxDriver: firefox on WINDOWS (4b6691bf-d82b-4573-9178-b8b74a174de0)] -> xpath: //h1[contains(text(),'Used Cars For Sale')]]
2022-05-20 00:05:87 INFO  NewAndUsedCarsPage :47 - Selecting Car MakeHonda from dropdown [[FirefoxDriver: firefox on WINDOWS (4b6691bf-d82b-4573-9178-b8b74a174de0)] -> xpath: //select[@id='makes']]
2022-05-20 00:05:415 INFO  UsedCarPage :48 - Selecting Car Model City from dropdown [[FirefoxDriver: firefox on WINDOWS (4b6691bf-d82b-4573-9178-b8b74a174de0)] -> xpath: //select[@id='models']]
2022-05-20 00:05:954 INFO  HomePage :35 - Mouse hover on  buyPlusSell  [[FirefoxDriver: firefox on WINDOWS (9374a69a-4d1e-4047-a77c-f288e5dfa5ba)] -> xpath: //a[contains(text(),'buy + sell')]]
2022-05-20 00:05:815 INFO  HomePage :43 - Clicking on used Car [[FirefoxDriver: firefox on WINDOWS (9374a69a-4d1e-4047-a77c-f288e5dfa5ba)] -> xpath: //div[@class='uhf-child-content']//a[contains(text(),'Used')]]
2022-05-20 00:05:855 INFO  UsedCarPage :63 - getting Make text [[FirefoxDriver: firefox on WINDOWS (9374a69a-4d1e-4047-a77c-f288e5dfa5ba)] -> xpath: //h1[contains(text(),'Used Cars For Sale')]]
2022-05-20 00:05:348 INFO  NewAndUsedCarsPage :47 - Selecting Car MakeHonda from dropdown [[FirefoxDriver: firefox on WINDOWS (9374a69a-4d1e-4047-a77c-f288e5dfa5ba)] -> xpath: //select[@id='makes']]
2022-05-20 00:05:653 INFO  UsedCarPage :48 - Selecting Car Model City from dropdown [[FirefoxDriver: firefox on WINDOWS (9374a69a-4d1e-4047-a77c-f288e5dfa5ba)] -> xpath: //select[@id='models']]
2022-05-20 00:05:908 INFO  NewAndUsedCarsPage :55 - Selecting Car Location[[FirefoxDriver: firefox on WINDOWS (9374a69a-4d1e-4047-a77c-f288e5dfa5ba)] -> xpath: //select[@id='locations']] from dropdown NSW - All
2022-05-20 00:05:204 INFO  NewAndUsedCarsPage :59 - Selecting Car price$50,000 from dropdown [[FirefoxDriver: firefox on WINDOWS (9374a69a-4d1e-4047-a77c-f288e5dfa5ba)] -> xpath: //select[@id='priceTo']]
2022-05-20 00:05:903 INFO  NewAndUsedCarsPage :63 - Clicking on FindMyCar Button [[FirefoxDriver: firefox on WINDOWS (9374a69a-4d1e-4047-a77c-f288e5dfa5ba)] -> xpath: //input[@id='search-submit']]
2022-05-20 00:05:996 INFO  ResultPage :25 - getting Make text [[FirefoxDriver: firefox on WINDOWS (9374a69a-4d1e-4047-a77c-f288e5dfa5ba)] -> xpath: //h1[@class='listing-search-title']]
2022-05-20 00:05:637 INFO  HomePage :35 - Mouse hover on  buyPlusSell  [[FirefoxDriver: firefox on WINDOWS (683f4b37-0f79-4b9a-b4dc-a57d2c06605f)] -> xpath: //a[contains(text(),'buy + sell')]]
2022-05-20 00:05:705 INFO  HomePage :35 - Mouse hover on  buyPlusSell  [[FirefoxDriver: firefox on WINDOWS (28ad8547-c5a7-48c1-873a-1bcb81cdea36)] -> xpath: //a[contains(text(),'buy + sell')]]
2022-05-20 00:05:457 INFO  HomePage :35 - Mouse hover on  buyPlusSell  [[FirefoxDriver: firefox on WINDOWS (a408d8eb-f199-42d4-bf5e-5ce863ba1807)] -> xpath: //a[contains(text(),'buy + sell')]]
2022-05-20 00:05:840 INFO  HomePage :35 - Mouse hover on  buyPlusSell  [[FirefoxDriver: firefox on WINDOWS (3b7d8c22-c5aa-4041-885f-7036f536b4d6)] -> xpath: //a[contains(text(),'buy + sell')]]
2022-05-20 00:05:662 INFO  HomePage :35 - Mouse hover on  buyPlusSell  [[FirefoxDriver: firefox on WINDOWS (b3e54f42-6d24-4a9c-b283-24ed8b924e88)] -> xpath: //a[contains(text(),'buy + sell')]]
2022-05-20 00:05:158 INFO  HomePage :35 - Mouse hover on  buyPlusSell  [[FirefoxDriver: firefox on WINDOWS (ff68d742-b986-4100-a974-13713e07c015)] -> xpath: //a[contains(text(),'buy + sell')]]
2022-05-20 00:05:484 INFO  HomePage :35 - Mouse hover on  buyPlusSell  [[FirefoxDriver: firefox on WINDOWS (b0414902-7a61-4a89-9020-150aa88d31d1)] -> xpath: //a[contains(text(),'buy + sell')]]
2022-05-20 00:05:172 INFO  HomePage :43 - Clicking on used Car [[FirefoxDriver: firefox on WINDOWS (b0414902-7a61-4a89-9020-150aa88d31d1)] -> xpath: //div[@class='uhf-child-content']//a[contains(text(),'Used')]]
2022-05-20 00:05:228 INFO  UsedCarPage :63 - getting Make text [[FirefoxDriver: firefox on WINDOWS (b0414902-7a61-4a89-9020-150aa88d31d1)] -> xpath: //h1[contains(text(),'Used Cars For Sale')]]
2022-05-20 00:05:613 INFO  NewAndUsedCarsPage :47 - Selecting Car MakeHonda from dropdown [[FirefoxDriver: firefox on WINDOWS (b0414902-7a61-4a89-9020-150aa88d31d1)] -> xpath: //select[@id='makes']]
2022-05-20 00:05:988 INFO  UsedCarPage :48 - Selecting Car Model City from dropdown [[FirefoxDriver: firefox on WINDOWS (b0414902-7a61-4a89-9020-150aa88d31d1)] -> xpath: //select[@id='models']]
2022-05-20 00:05:256 INFO  NewAndUsedCarsPage :55 - Selecting Car Location[[FirefoxDriver: firefox on WINDOWS (b0414902-7a61-4a89-9020-150aa88d31d1)] -> xpath: //select[@id='locations']] from dropdown NSW - All
2022-05-20 00:05:500 INFO  NewAndUsedCarsPage :59 - Selecting Car price$50,000 from dropdown [[FirefoxDriver: firefox on WINDOWS (b0414902-7a61-4a89-9020-150aa88d31d1)] -> xpath: //select[@id='priceTo']]
2022-05-20 00:05:304 INFO  NewAndUsedCarsPage :63 - Clicking on FindMyCar Button [[FirefoxDriver: firefox on WINDOWS (b0414902-7a61-4a89-9020-150aa88d31d1)] -> xpath: //input[@id='search-submit']]
2022-05-20 00:05:347 INFO  ResultPage :25 - getting Make text [[FirefoxDriver: firefox on WINDOWS (b0414902-7a61-4a89-9020-150aa88d31d1)] -> xpath: //h1[@class='listing-search-title']]
2022-05-20 00:05:123 INFO  HomePage :35 - Mouse hover on  buyPlusSell  [[FirefoxDriver: firefox on WINDOWS (0d06d70a-a1fc-453e-b7a2-3f26bc55ee95)] -> xpath: //a[contains(text(),'buy + sell')]]
2022-05-20 00:05:111 INFO  HomePage :43 - Clicking on used Car [[FirefoxDriver: firefox on WINDOWS (0d06d70a-a1fc-453e-b7a2-3f26bc55ee95)] -> xpath: //div[@class='uhf-child-content']//a[contains(text(),'Used')]]
2022-05-20 00:05:142 INFO  UsedCarPage :63 - getting Make text [[FirefoxDriver: firefox on WINDOWS (0d06d70a-a1fc-453e-b7a2-3f26bc55ee95)] -> xpath: //h1[contains(text(),'Used Cars For Sale')]]
2022-05-20 00:05:503 INFO  NewAndUsedCarsPage :47 - Selecting Car MakeJeep from dropdown [[FirefoxDriver: firefox on WINDOWS (0d06d70a-a1fc-453e-b7a2-3f26bc55ee95)] -> xpath: //select[@id='makes']]
2022-05-20 00:05:798 INFO  UsedCarPage :48 - Selecting Car Model Wrangler from dropdown [[FirefoxDriver: firefox on WINDOWS (0d06d70a-a1fc-453e-b7a2-3f26bc55ee95)] -> xpath: //select[@id='models']]
2022-05-20 00:05:41 INFO  NewAndUsedCarsPage :55 - Selecting Car Location[[FirefoxDriver: firefox on WINDOWS (0d06d70a-a1fc-453e-b7a2-3f26bc55ee95)] -> xpath: //select[@id='locations']] from dropdown NSW - All
2022-05-20 00:05:292 INFO  NewAndUsedCarsPage :59 - Selecting Car price$60,000 from dropdown [[FirefoxDriver: firefox on WINDOWS (0d06d70a-a1fc-453e-b7a2-3f26bc55ee95)] -> xpath: //select[@id='priceTo']]
2022-05-20 00:05:499 INFO  NewAndUsedCarsPage :63 - Clicking on FindMyCar Button [[FirefoxDriver: firefox on WINDOWS (0d06d70a-a1fc-453e-b7a2-3f26bc55ee95)] -> xpath: //input[@id='search-submit']]
2022-05-20 00:05:549 INFO  ResultPage :25 - getting Make text [[FirefoxDriver: firefox on WINDOWS (0d06d70a-a1fc-453e-b7a2-3f26bc55ee95)] -> xpath: //h1[@class='listing-search-title']]
2022-05-20 00:05:436 INFO  HomePage :35 - Mouse hover on  buyPlusSell  [[FirefoxDriver: firefox on WINDOWS (27949f7d-b281-4af7-9a06-23fb73dcc968)] -> xpath: //a[contains(text(),'buy + sell')]]
2022-05-20 00:05:984 INFO  HomePage :43 - Clicking on used Car [[FirefoxDriver: firefox on WINDOWS (27949f7d-b281-4af7-9a06-23fb73dcc968)] -> xpath: //div[@class='uhf-child-content']//a[contains(text(),'Used')]]
2022-05-20 00:05:13 INFO  UsedCarPage :63 - getting Make text [[FirefoxDriver: firefox on WINDOWS (27949f7d-b281-4af7-9a06-23fb73dcc968)] -> xpath: //h1[contains(text(),'Used Cars For Sale')]]
2022-05-20 00:05:386 INFO  NewAndUsedCarsPage :47 - Selecting Car MakeKia from dropdown [[FirefoxDriver: firefox on WINDOWS (27949f7d-b281-4af7-9a06-23fb73dcc968)] -> xpath: //select[@id='makes']]
2022-05-20 00:05:726 INFO  UsedCarPage :48 - Selecting Car Model Niro from dropdown [[FirefoxDriver: firefox on WINDOWS (27949f7d-b281-4af7-9a06-23fb73dcc968)] -> xpath: //select[@id='models']]
2022-05-20 00:05:978 INFO  NewAndUsedCarsPage :55 - Selecting Car Location[[FirefoxDriver: firefox on WINDOWS (27949f7d-b281-4af7-9a06-23fb73dcc968)] -> xpath: //select[@id='locations']] from dropdown QLD - All
2022-05-20 00:05:220 INFO  NewAndUsedCarsPage :59 - Selecting Car price$40,000 from dropdown [[FirefoxDriver: firefox on WINDOWS (27949f7d-b281-4af7-9a06-23fb73dcc968)] -> xpath: //select[@id='priceTo']]
2022-05-20 00:05:37 INFO  NewAndUsedCarsPage :63 - Clicking on FindMyCar Button [[FirefoxDriver: firefox on WINDOWS (27949f7d-b281-4af7-9a06-23fb73dcc968)] -> xpath: //input[@id='search-submit']]
2022-05-20 00:05:100 INFO  ResultPage :25 - getting Make text Proxy element for: DefaultElementLocator 'By.xpath: //h1[@class='listing-search-title']'
2022-05-20 00:05:741 INFO  HomePage :35 - Mouse hover on  buyPlusSell  [[FirefoxDriver: firefox on WINDOWS (3c6b0333-8712-452c-ba39-f5fc5c4a02b6)] -> xpath: //a[contains(text(),'buy + sell')]]
2022-05-20 00:05:814 INFO  HomePage :43 - Clicking on used Car [[FirefoxDriver: firefox on WINDOWS (3c6b0333-8712-452c-ba39-f5fc5c4a02b6)] -> xpath: //div[@class='uhf-child-content']//a[contains(text(),'Used')]]
2022-05-20 00:05:854 INFO  UsedCarPage :63 - getting Make text [[FirefoxDriver: firefox on WINDOWS (3c6b0333-8712-452c-ba39-f5fc5c4a02b6)] -> xpath: //h1[contains(text(),'Used Cars For Sale')]]
2022-05-20 00:05:223 INFO  NewAndUsedCarsPage :47 - Selecting Car MakeVolkswagen from dropdown [[FirefoxDriver: firefox on WINDOWS (3c6b0333-8712-452c-ba39-f5fc5c4a02b6)] -> xpath: //select[@id='makes']]
2022-05-20 00:05:511 INFO  UsedCarPage :48 - Selecting Car Model Golf from dropdown [[FirefoxDriver: firefox on WINDOWS (3c6b0333-8712-452c-ba39-f5fc5c4a02b6)] -> xpath: //select[@id='models']]
2022-05-20 00:05:765 INFO  NewAndUsedCarsPage :55 - Selecting Car Location[[FirefoxDriver: firefox on WINDOWS (3c6b0333-8712-452c-ba39-f5fc5c4a02b6)] -> xpath: //select[@id='locations']] from dropdown NSW - Sydney
2022-05-20 00:05:03 INFO  NewAndUsedCarsPage :59 - Selecting Car price$45,000 from dropdown [[FirefoxDriver: firefox on WINDOWS (3c6b0333-8712-452c-ba39-f5fc5c4a02b6)] -> xpath: //select[@id='priceTo']]
2022-05-20 00:05:402 INFO  NewAndUsedCarsPage :63 - Clicking on FindMyCar Button [[FirefoxDriver: firefox on WINDOWS (3c6b0333-8712-452c-ba39-f5fc5c4a02b6)] -> xpath: //input[@id='search-submit']]
2022-05-20 00:05:446 INFO  ResultPage :25 - getting Make text [[FirefoxDriver: firefox on WINDOWS (3c6b0333-8712-452c-ba39-f5fc5c4a02b6)] -> xpath: //h1[@class='listing-search-title']]
2022-05-20 00:05:558 INFO  HomePage :35 - Mouse hover on  buyPlusSell  [[FirefoxDriver: firefox on WINDOWS (1a6d00e7-d19a-449e-9474-dbc829839628)] -> xpath: //a[contains(text(),'buy + sell')]]
2022-05-20 00:05:318 INFO  HomePage :43 - Clicking on used Car [[FirefoxDriver: firefox on WINDOWS (1a6d00e7-d19a-449e-9474-dbc829839628)] -> xpath: //div[@class='uhf-child-content']//a[contains(text(),'Used')]]
2022-05-20 00:05:340 INFO  UsedCarPage :63 - getting Make text [[FirefoxDriver: firefox on WINDOWS (1a6d00e7-d19a-449e-9474-dbc829839628)] -> xpath: //h1[contains(text(),'Used Cars For Sale')]]
2022-05-20 00:05:737 INFO  NewAndUsedCarsPage :47 - Selecting Car MakeSuzuki from dropdown [[FirefoxDriver: firefox on WINDOWS (1a6d00e7-d19a-449e-9474-dbc829839628)] -> xpath: //select[@id='makes']]
2022-05-20 00:05:132 INFO  UsedCarPage :48 - Selecting Car Model Vitara from dropdown [[FirefoxDriver: firefox on WINDOWS (1a6d00e7-d19a-449e-9474-dbc829839628)] -> xpath: //select[@id='models']]
2022-05-20 00:05:431 INFO  NewAndUsedCarsPage :55 - Selecting Car Location[[FirefoxDriver: firefox on WINDOWS (1a6d00e7-d19a-449e-9474-dbc829839628)] -> xpath: //select[@id='locations']] from dropdown NT - South
2022-05-20 00:05:681 INFO  NewAndUsedCarsPage :59 - Selecting Car price$45,000 from dropdown [[FirefoxDriver: firefox on WINDOWS (1a6d00e7-d19a-449e-9474-dbc829839628)] -> xpath: //select[@id='priceTo']]
2022-05-20 00:05:936 INFO  NewAndUsedCarsPage :63 - Clicking on FindMyCar Button [[FirefoxDriver: firefox on WINDOWS (1a6d00e7-d19a-449e-9474-dbc829839628)] -> xpath: //input[@id='search-submit']]
2022-05-20 00:05:09 INFO  ResultPage :25 - getting Make text Proxy element for: DefaultElementLocator 'By.xpath: //h1[@class='listing-search-title']'
